<?xml version="1.0" encoding="UTF-8"?>
<testsuites>

<testsuite timestamp="2020-03-18T07:57:38.394Z" xmlns:xsi="http://www.w3.org/2001/XMLSchema-instance" xsi:noNamespaceSchemaLocation="https://maven.apache.org/surefire/maven-surefire-plugin/xsd/surefire-test-report.xsd" name="uitest.tests.CreateEveryDayAccount(NewEndpoint)" time="23.71" tests="1" errors="0" skipped="0" failures="1">
  <properties>
[...]
</properties>
  <testcase name="CreateAnEveryDayAccountForNewCustomer" classname="uitest.tests.CreateEveryDayAccount(NewEndpoint)" time="19.472">
    <failure message="element click intercepted: Element &lt;input type=&quot;radio&quot; class=&quot;style-scope ing-radio-button-group&quot; value=&quot;Single&quot; aria-label=&quot;Single&quot; index=&quot;0&quot; id=&quot;singleOrJointButtons-0&quot; group=&quot;singleOrJointButtons&quot; name=&quot;singleOrJointButtons&quot;&gt; is not clickable at point (246, 554). Other element would receive the click: &lt;p class=&quot;style-scope ing-join-apply-about-you-account&quot;&gt;...&lt;/p&gt;&#10;  (Session info: chrome=80.0.3987.122)&#10;Build info: version: &apos;3.11.0&apos;, revision: &apos;e59cfb3&apos;, time: &apos;2018-03-11T20:26:55.152Z&apos;&#10;System info: host: &apos;ADMKI-PC&apos;, ip: &apos;192.168.0.8&apos;, os.name: &apos;Windows 7&apos;, os.arch: &apos;amd64&apos;, os.version: &apos;6.1&apos;, java.version: &apos;11.0.5&apos;&#10;Driver info: org.openqa.selenium.chrome.ChromeDriver&#10;Capabilities {acceptInsecureCerts: false, browserName: chrome, browserVersion: 80.0.3987.122, chrome: {chromedriverVersion: 80.0.3987.106 (f68069574609..., userDataDir: C:\Users\admki\AppData\Loca...}, goog:chromeOptions: {debuggerAddress: localhost:64144}, javascriptEnabled: true, networkConnectionEnabled: false, pageLoadStrategy: normal, platform: WINDOWS, platformName: WINDOWS, proxy: Proxy(), setWindowRect: true, strictFileInteractability: false, timeouts: {implicit: 0, pageLoad: 300000, script: 30000}, unhandledPromptBehavior: dismiss and notify}&#10;Session ID: 214c48f25cbc3a865a1f84b4d336c1ca" type="org.openqa.selenium.ElementClickInterceptedException"><![CDATA[org.openqa.selenium.ElementClickInterceptedException: 
element click intercepted: Element <input type="radio" class="style-scope ing-radio-button-group" value="Single" aria-label="Single" index="0" id="singleOrJointButtons-0" group="singleOrJointButtons" name="singleOrJointButtons"> is not clickable at point (246, 554). Other element would receive the click: <p class="style-scope ing-join-apply-about-you-account">...</p>
  (Session info: chrome=80.0.3987.122)
Build info: version: '3.11.0', revision: 'e59cfb3', time: '2018-03-11T20:26:55.152Z'
System info: host: 'ADMKI-PC', ip: '192.168.0.8', os.name: 'Windows 7', os.arch: 'amd64', os.version: '6.1', java.version: '11.0.5'
Driver info: org.openqa.selenium.chrome.ChromeDriver
Capabilities {acceptInsecureCerts: false, browserName: chrome, browserVersion: 80.0.3987.122, chrome: {chromedriverVersion: 80.0.3987.106 (f68069574609..., userDataDir: C:\Users\admki\AppData\Loca...}, goog:chromeOptions: {debuggerAddress: localhost:64144}, javascriptEnabled: true, networkConnectionEnabled: false, pageLoadStrategy: normal, platform: WINDOWS, platformName: WINDOWS, proxy: Proxy(), setWindowRect: true, strictFileInteractability: false, timeouts: {implicit: 0, pageLoad: 300000, script: 30000}, unhandledPromptBehavior: dismiss and notify}
Session ID: 214c48f25cbc3a865a1f84b4d336c1ca
	at uitest.tests.CreateEveryDayAccount.CreateAnEveryDayAccountForNewCustomer(CreateEveryDayAccount.java:26)
]]></failure>
    <system-err><![CDATA[Starting ChromeDriver 80.0.3987.106 (f68069574609230cf9b635cd784cfb1bf81bb53a-refs/branch-heads/3987@{#882}) on port 12721
Only local connections are allowed.
Please protect ports used by ChromeDriver and related test frameworks to prevent access by malicious code.
Mar 18, 2020 1:27:48 PM org.openqa.selenium.remote.ProtocolHandshake createSession
INFO: Detected dialect: W3C
[1584518270.579][SEVERE]: Timed out receiving message from renderer: 0.100
[1584518270.679][SEVERE]: Timed out receiving message from renderer: 0.100
[1584518270.781][SEVERE]: Timed out receiving message from renderer: 0.100
[1584518270.882][SEVERE]: Timed out receiving message from renderer: 0.100
[1584518270.984][SEVERE]: Timed out receiving message from renderer: 0.100
[1584518271.085][SEVERE]: Timed out receiving message from renderer: 0.100
[1584518271.186][SEVERE]: Timed out receiving message from renderer: 0.100
[1584518271.287][SEVERE]: Timed out receiving message from renderer: 0.100
[1584518271.388][SEVERE]: Timed out receiving message from renderer: 0.100
[1584518271.490][SEVERE]: Timed out receiving message from renderer: 0.100
[1584518271.592][SEVERE]: Timed out receiving message from renderer: 0.100
[1584518271.693][SEVERE]: Timed out receiving message from renderer: 0.100
[1584518271.794][SEVERE]: Timed out receiving message from renderer: 0.100
[1584518271.895][SEVERE]: Timed out receiving message from renderer: 0.100
[1584518271.996][SEVERE]: Timed out receiving message from renderer: 0.100
[1584518272.097][SEVERE]: Timed out receiving message from renderer: 0.100
[1584518272.212][SEVERE]: Timed out receiving message from renderer: 0.100
[1584518272.334][SEVERE]: Timed out receiving message from renderer: 0.100
[1584518273.047][SEVERE]: Timed out receiving message from renderer: 0.100
[1584518273.228][SEVERE]: Timed out receiving message from renderer: 0.100
[1584518273.434][SEVERE]: Timed out receiving message from renderer: 0.100
[1584518273.558][SEVERE]: Timed out receiving message from renderer: 0.100
[1584518273.662][SEVERE]: Timed out receiving message from renderer: 0.100
[1584518275.341][SEVERE]: Timed out receiving message from renderer: 0.100
[1584518275.442][SEVERE]: Timed out receiving message from renderer: 0.100
[1584518275.593][SEVERE]: Timed out receiving message from renderer: 0.100
[1584518276.048][SEVERE]: Timed out receiving message from renderer: 0.100
[1584518277.859][SEVERE]: Timed out receiving message from renderer: 0.100
[1584518277.962][SEVERE]: Timed out receiving message from renderer: 0.100
[1584518278.067][SEVERE]: Timed out receiving message from renderer: 0.100
[1584518278.170][SEVERE]: Timed out receiving message from renderer: 0.100
]]></system-err>
  </testcase>
</testsuite>
</testsuites>