<?xml version="1.0" encoding="UTF-8"?>
<testsuites>

<testsuite timestamp="2020-03-18T07:52:12.575Z" xmlns:xsi="http://www.w3.org/2001/XMLSchema-instance" xsi:noNamespaceSchemaLocation="https://maven.apache.org/surefire/maven-surefire-plugin/xsd/surefire-test-report.xsd" name="uitest.tests.CreateEveryDayAccount(NewEndpoint)" time="25.631" tests="1" errors="0" skipped="0" failures="1">
  <properties>
[...]
</properties>
  <testcase name="CreateAnEveryDayAccountForNewCustomer" classname="uitest.tests.CreateEveryDayAccount(NewEndpoint)" time="21.531">
    <failure type="java.lang.IllegalMonitorStateException">java.lang.IllegalMonitorStateException
	at uitest.tests.CreateEveryDayAccount.CreateAnEveryDayAccountForNewCustomer(CreateEveryDayAccount.java:47)
</failure>
    <system-err><![CDATA[Starting ChromeDriver 80.0.3987.106 (f68069574609230cf9b635cd784cfb1bf81bb53a-refs/branch-heads/3987@{#882}) on port 15817
Only local connections are allowed.
Please protect ports used by ChromeDriver and related test frameworks to prevent access by malicious code.
Mar 18, 2020 1:22:21 PM org.openqa.selenium.remote.ProtocolHandshake createSession
INFO: Detected dialect: W3C
[1584517942.324][SEVERE]: Timed out receiving message from renderer: 0.100
[1584517942.425][SEVERE]: Timed out receiving message from renderer: 0.100
[1584517942.535][SEVERE]: Timed out receiving message from renderer: 0.100
[1584517942.654][SEVERE]: Timed out receiving message from renderer: 0.100
[1584517942.755][SEVERE]: Timed out receiving message from renderer: 0.100
[1584517945.499][SEVERE]: Timed out receiving message from renderer: 0.100
[1584517945.600][SEVERE]: Timed out receiving message from renderer: 0.100
[1584517945.702][SEVERE]: Timed out receiving message from renderer: 0.100
[1584517945.803][SEVERE]: Timed out receiving message from renderer: 0.100
[1584517945.905][SEVERE]: Timed out receiving message from renderer: 0.100
[1584517946.006][SEVERE]: Timed out receiving message from renderer: 0.100
[1584517946.717][SEVERE]: Timed out receiving message from renderer: 0.100
[1584517946.818][SEVERE]: Timed out receiving message from renderer: 0.100
[1584517946.919][SEVERE]: Timed out receiving message from renderer: 0.100
[1584517947.020][SEVERE]: Timed out receiving message from renderer: 0.100
[1584517947.177][SEVERE]: Timed out receiving message from renderer: 0.100
[1584517947.278][SEVERE]: Timed out receiving message from renderer: 0.100
[1584517947.379][SEVERE]: Timed out receiving message from renderer: 0.100
[1584517947.480][SEVERE]: Timed out receiving message from renderer: 0.100
[1584517947.660][SEVERE]: Timed out receiving message from renderer: 0.100
[1584517947.761][SEVERE]: Timed out receiving message from renderer: 0.100
[1584517949.569][SEVERE]: Timed out receiving message from renderer: 0.100
[1584517949.670][SEVERE]: Timed out receiving message from renderer: 0.100
]]></system-err>
  </testcase>
</testsuite>
</testsuites>