<?xml version="1.0" encoding="UTF-8"?>
<testsuites>

<testsuite timestamp="2020-03-18T22:35:24.177Z" xmlns:xsi="http://www.w3.org/2001/XMLSchema-instance" xsi:noNamespaceSchemaLocation="https://maven.apache.org/surefire/maven-surefire-plugin/xsd/surefire-test-report.xsd" name="uitest.tests.CreateEveryDayAccount(NewEndpoint)" time="31.587" tests="1" errors="0" skipped="0" failures="0">
  <properties>
[...]
</properties>
  <testcase name="Test_EnterDetailsOfNewEveryDayAccountForNewCustomerInForm_AbleToEnterCustomerDetailsAndProceedButtonIsShown" classname="uitest.tests.CreateEveryDayAccount(NewEndpoint)" time="27.792"/>
</testsuite>
</testsuites>