<?xml version="1.0" encoding="UTF-8"?>
<testsuites>

<testsuite timestamp="2020-03-18T08:00:42.832Z" xmlns:xsi="http://www.w3.org/2001/XMLSchema-instance" xsi:noNamespaceSchemaLocation="https://maven.apache.org/surefire/maven-surefire-plugin/xsd/surefire-test-report.xsd" name="uitest.tests.CreateEveryDayAccount(NewEndpoint)" time="19.39" tests="1" errors="0" skipped="0" failures="1">
  <properties>
[...]
</properties>
  <testcase name="CreateAnEveryDayAccountForNewCustomer" classname="uitest.tests.CreateEveryDayAccount(NewEndpoint)" time="15.027">
    <failure message="element click intercepted: Element &lt;input type=&quot;radio&quot; class=&quot;style-scope ing-radio-button-group&quot; value=&quot;Single&quot; aria-label=&quot;Single&quot; index=&quot;0&quot; id=&quot;singleOrJointButtons-0&quot; group=&quot;singleOrJointButtons&quot; name=&quot;singleOrJointButtons&quot;&gt; is not clickable at point (102, 554). Other element would receive the click: &lt;p class=&quot;style-scope ing-join-apply-about-you-account&quot;&gt;...&lt;/p&gt;&#10;  (Session info: chrome=80.0.3987.122)&#10;Build info: version: &apos;3.11.0&apos;, revision: &apos;e59cfb3&apos;, time: &apos;2018-03-11T20:26:55.152Z&apos;&#10;System info: host: &apos;ADMKI-PC&apos;, ip: &apos;192.168.0.8&apos;, os.name: &apos;Windows 7&apos;, os.arch: &apos;amd64&apos;, os.version: &apos;6.1&apos;, java.version: &apos;11.0.5&apos;&#10;Driver info: org.openqa.selenium.chrome.ChromeDriver&#10;Capabilities {acceptInsecureCerts: false, browserName: chrome, browserVersion: 80.0.3987.122, chrome: {chromedriverVersion: 80.0.3987.106 (f68069574609..., userDataDir: C:\Users\admki\AppData\Loca...}, goog:chromeOptions: {debuggerAddress: localhost:64534}, javascriptEnabled: true, networkConnectionEnabled: false, pageLoadStrategy: normal, platform: WINDOWS, platformName: WINDOWS, proxy: Proxy(), setWindowRect: true, strictFileInteractability: false, timeouts: {implicit: 0, pageLoad: 300000, script: 30000}, unhandledPromptBehavior: dismiss and notify}&#10;Session ID: 4c68eb7d7328e5ea777b19484ca3edcc" type="org.openqa.selenium.ElementClickInterceptedException"><![CDATA[org.openqa.selenium.ElementClickInterceptedException: 
element click intercepted: Element <input type="radio" class="style-scope ing-radio-button-group" value="Single" aria-label="Single" index="0" id="singleOrJointButtons-0" group="singleOrJointButtons" name="singleOrJointButtons"> is not clickable at point (102, 554). Other element would receive the click: <p class="style-scope ing-join-apply-about-you-account">...</p>
  (Session info: chrome=80.0.3987.122)
Build info: version: '3.11.0', revision: 'e59cfb3', time: '2018-03-11T20:26:55.152Z'
System info: host: 'ADMKI-PC', ip: '192.168.0.8', os.name: 'Windows 7', os.arch: 'amd64', os.version: '6.1', java.version: '11.0.5'
Driver info: org.openqa.selenium.chrome.ChromeDriver
Capabilities {acceptInsecureCerts: false, browserName: chrome, browserVersion: 80.0.3987.122, chrome: {chromedriverVersion: 80.0.3987.106 (f68069574609..., userDataDir: C:\Users\admki\AppData\Loca...}, goog:chromeOptions: {debuggerAddress: localhost:64534}, javascriptEnabled: true, networkConnectionEnabled: false, pageLoadStrategy: normal, platform: WINDOWS, platformName: WINDOWS, proxy: Proxy(), setWindowRect: true, strictFileInteractability: false, timeouts: {implicit: 0, pageLoad: 300000, script: 30000}, unhandledPromptBehavior: dismiss and notify}
Session ID: 4c68eb7d7328e5ea777b19484ca3edcc
	at uitest.tests.CreateEveryDayAccount.CreateAnEveryDayAccountForNewCustomer(CreateEveryDayAccount.java:26)
]]></failure>
    <system-err><![CDATA[Starting ChromeDriver 80.0.3987.106 (f68069574609230cf9b635cd784cfb1bf81bb53a-refs/branch-heads/3987@{#882}) on port 41752
Only local connections are allowed.
Please protect ports used by ChromeDriver and related test frameworks to prevent access by malicious code.
Mar 18, 2020 1:30:52 PM org.openqa.selenium.remote.ProtocolHandshake createSession
INFO: Detected dialect: W3C
[1584518453.318][SEVERE]: Timed out receiving message from renderer: 0.100
[1584518453.419][SEVERE]: Timed out receiving message from renderer: 0.100
[1584518453.668][SEVERE]: Timed out receiving message from renderer: 0.100
[1584518453.769][SEVERE]: Timed out receiving message from renderer: 0.100
[1584518454.780][SEVERE]: Timed out receiving message from renderer: 0.100
[1584518454.952][SEVERE]: Timed out receiving message from renderer: 0.100
[1584518455.630][SEVERE]: Timed out receiving message from renderer: 0.100
[1584518456.088][SEVERE]: Timed out receiving message from renderer: 0.100
[1584518456.600][SEVERE]: Timed out receiving message from renderer: 0.100
[1584518457.052][SEVERE]: Timed out receiving message from renderer: 0.100
]]></system-err>
  </testcase>
</testsuite>
</testsuites>